# JRE version: Java(TM) SE Runtime Environment (8.0_202-b08) (build 1.8.0_202-b08)
# Java VM: Java HotSpot(TM) 64-Bit Server VM (25.202-b08 mixed mode linux-amd64 compressed oops)
Heap:
 par new generation   total 76800K, used 19030K [0x00000000c0000000, 0x00000000c5350000, 0x00000000d5550000)
  eden space 68288K,  22% used [0x00000000c0000000, 0x00000000c0edaf18, 0x00000000c42b0000)
  from space 8512K,  44% used [0x00000000c4b00000, 0x00000000c4ebaa28, 0x00000000c5350000)
  to   space 8512K,   0% used [0x00000000c42b0000, 0x00000000c42b0000, 0x00000000c4b00000)
 concurrent mark-sweep generation total 170688K, used 49258K [0x00000000d5550000, 0x00000000dfc00000, 0x0000000100000000)
 Metaspace       used 41628K, capacity 42083K, committed 42564K, reserved 1085440K
  class space    used 5840K, capacity 5978K, committed 6048K, reserved 1048576K
GC Heap History (10 events):
Event: 2.707 GC heap before
{Heap before GC invocations=4 (full 1):
 par new generation   total 76800K, used 73518K [0x00000000c0000000, 0x00000000c5350000, 0x00000000d5550000)
  eden space 68288K, 100% used [0x00000000c0000000, 0x00000000c42b0000, 0x00000000c42b0000)
  from space 8512K,  61% used [0x00000000c42b0000, 0x00000000c47cba90, 0x00000000c4b00000)
  to   space 8512K,   0% used [0x00000000c4b00000, 0x00000000c4b00000, 0x00000000c5350000)
 concurrent mark-sweep generation total 170688K, used 28313K [0x00000000d5550000, 0x00000000dfc00000, 0x0000000100000000)
 Metaspace       used 37271K, capacity 37785K, committed 38084K, reserved 1081344K
  class space    used 5147K, capacity 5299K, committed 5408K, reserved 1048576K
Event: 2.713 GC heap after
Heap after GC invocations=5 (full 1):
 par new generation   total 76800K, used 6018K [0x00000000c0000000, 0x00000000c5350000, 0x00000000d5550000)
  eden space 68288K,   0% used [0x00000000c0000000, 0x00000000c0000000, 0x00000000c42b0000)
  from space 8512K,  70% used [0x00000000c4b00000, 0x00000000c50e0a10, 0x00000000c5350000)
  to   space 8512K,   0% used [0x00000000c42b0000, 0x00000000c42b0000, 0x00000000c4b00000)
 concurrent mark-sweep generation total 170688K, used 28313K [0x00000000d5550000, 0x00000000dfc00000, 0x0000000100000000)
 Metaspace       used 37271K, capacity 37785K, committed 38084K, reserved 1081344K
  class space    used 5147K, capacity 5299K, committed 5408K, reserved 1048576K
}
Event: 2.967 GC heap before
{Heap before GC invocations=5 (full 1):
 par new generation   total 76800K, used 74342K [0x00000000c0000000, 0x00000000c5350000, 0x00000000d5550000)
  eden space 68288K, 100% used [0x00000000c0000000, 0x00000000c42b0000, 0x00000000c42b0000)
  from space 8512K,  71% used [0x00000000c4b00000, 0x00000000c50e9be8, 0x00000000c5350000)
  to   space 8512K,   0% used [0x00000000c42b0000, 0x00000000c42b0000, 0x00000000c4b00000)
 concurrent mark-sweep generation total 170688K, used 28313K [0x00000000d5550000, 0x00000000dfc00000, 0x0000000100000000)
 Metaspace       used 39067K, capacity 39595K, committed 40004K, reserved 1083392K
  class space    used 5531K, capacity 5686K, committed 5792K, reserved 1048576K
Event: 2.981 GC heap after
Heap after GC invocations=6 (full 1):
 par new generation   total 76800K, used 8512K [0x00000000c0000000, 0x00000000c5350000, 0x00000000d5550000)
  eden space 68288K,   0% used [0x00000000c0000000, 0x00000000c0000000, 0x00000000c42b0000)
  from space 8512K, 100% used [0x00000000c42b0000, 0x00000000c4b00000, 0x00000000c4b00000)
  to   space 8512K,   0% used [0x00000000c4b00000, 0x00000000c4b00000, 0x00000000c5350000)
 concurrent mark-sweep generation total 170688K, used 31827K [0x00000000d5550000, 0x00000000dfc00000, 0x0000000100000000)
 Metaspace       used 39067K, capacity 39595K, committed 40004K, reserved 1083392K
  class space    used 5531K, capacity 5686K, committed 5792K, reserved 1048576K
}
Event: 6.172 GC heap before
{Heap before GC invocations=6 (full 1):
 par new generation   total 76800K, used 60187K [0x00000000c0000000, 0x00000000c5350000, 0x00000000d5550000)
  eden space 68288K,  75% used [0x00000000c0000000, 0x00000000c3276f08, 0x00000000c42b0000)
  from space 8512K, 100% used [0x00000000c42b0000, 0x00000000c4b00000, 0x00000000c4b00000)
  to   space 8512K,   0% used [0x00000000c4b00000, 0x00000000c4b00000, 0x00000000c5350000)
 concurrent mark-sweep generation total 170688K, used 31827K [0x00000000d5550000, 0x00000000dfc00000, 0x0000000100000000)
 Metaspace       used 41188K, capacity 41667K, committed 42052K, reserved 1085440K
  class space    used 5798K, capacity 5946K, committed 6048K, reserved 1048576K
Event: 6.189 GC heap after
Heap after GC invocations=7 (full 1):
 par new generation   total 76800K, used 8511K [0x00000000c0000000, 0x00000000c5350000, 0x00000000d5550000)
  eden space 68288K,   0% used [0x00000000c0000000, 0x00000000c0000000, 0x00000000c42b0000)
  from space 8512K,  99% used [0x00000000c4b00000, 0x00000000c534fff8, 0x00000000c5350000)
  to   space 8512K,   0% used [0x00000000c42b0000, 0x00000000c42b0000, 0x00000000c4b00000)
 concurrent mark-sweep generation total 170688K, used 61246K [0x00000000d5550000, 0x00000000dfc00000, 0x0000000100000000)
 Metaspace       used 41188K, capacity 41667K, committed 42052K, reserved 1085440K
  class space    used 5798K, capacity 5946K, committed 6048K, reserved 1048576K
}
Event: 6.283 GC heap before
{Heap before GC invocations=7 (full 2):
 par new generation   total 76800K, used 10561K [0x00000000c0000000, 0x00000000c5350000, 0x00000000d5550000)
  eden space 68288K,   3% used [0x00000000c0000000, 0x00000000c02007c0, 0x00000000c42b0000)
  from space 8512K,  99% used [0x00000000c4b00000, 0x00000000c534fff8, 0x00000000c5350000)
  to   space 8512K,   0% used [0x00000000c42b0000, 0x00000000c42b0000, 0x00000000c4b00000)
 concurrent mark-sweep generation total 170688K, used 50221K [0x00000000d5550000, 0x00000000dfc00000, 0x0000000100000000)
 Metaspace       used 41478K, capacity 41955K, committed 42308K, reserved 1085440K
  class space    used 5835K, capacity 5978K, committed 6048K, reserved 1048576K
Event: 6.290 GC heap after
Heap after GC invocations=8 (full 2):
 par new generation   total 76800K, used 4049K [0x00000000c0000000, 0x00000000c5350000, 0x00000000d5550000)
  eden space 68288K,   0% used [0x00000000c0000000, 0x00000000c0000000, 0x00000000c42b0000)
  from space 8512K,  47% used [0x00000000c42b0000, 0x00000000c46a4588, 0x00000000c4b00000)
  to   space 8512K,   0% used [0x00000000c4b00000, 0x00000000c4b00000, 0x00000000c5350000)
 concurrent mark-sweep generation total 170688K, used 50221K [0x00000000d5550000, 0x00000000dfc00000, 0x0000000100000000)
 Metaspace       used 41478K, capacity 41955K, committed 42308K, reserved 1085440K
  class space    used 5835K, capacity 5978K, committed 6048K, reserved 1048576K
}
Event: 6.292 GC heap before
{Heap before GC invocations=8 (full 3):
 par new generation   total 76800K, used 4171K [0x00000000c0000000, 0x00000000c5350000, 0x00000000d5550000)
  eden space 68288K,   0% used [0x00000000c0000000, 0x00000000c001e870, 0x00000000c42b0000)
  from space 8512K,  47% used [0x00000000c42b0000, 0x00000000c46a4588, 0x00000000c4b00000)
  to   space 8512K,   0% used [0x00000000c4b00000, 0x00000000c4b00000, 0x00000000c5350000)
 concurrent mark-sweep generation total 170688K, used 50221K [0x00000000d5550000, 0x00000000dfc00000, 0x0000000100000000)
 Metaspace       used 41485K, capacity 41955K, committed 42308K, reserved 1085440K
  class space    used 5836K, capacity 5978K, committed 6048K, reserved 1048576K
Event: 6.295 GC heap after
Heap after GC invocations=9 (full 3):
 par new generation   total 76800K, used 3818K [0x00000000c0000000, 0x00000000c5350000, 0x00000000d5550000)
  eden space 68288K,   0% used [0x00000000c0000000, 0x00000000c0000000, 0x00000000c42b0000)
  from space 8512K,  44% used [0x00000000c4b00000, 0x00000000c4ebaa28, 0x00000000c5350000)
  to   space 8512K,   0% used [0x00000000c42b0000, 0x00000000c42b0000, 0x00000000c4b00000)
 concurrent mark-sweep generation total 170688K, used 50221K [0x00000000d5550000, 0x00000000dfc00000, 0x0000000100000000)
 Metaspace       used 41485K, capacity 41955K, committed 42308K, reserved 1085440K
  class space    used 5836K, capacity 5978K, committed 6048K, reserved 1048576K
}

